<?xml version="1.0" encoding="UTF-8"?>
<testsuite xmlns:xsi="http://www.w3.org/2001/XMLSchema-instance" xsi:noNamespaceSchemaLocation="https://maven.apache.org/surefire/maven-surefire-plugin/xsd/surefire-test-report-3.0.xsd" version="3.0" name="com.vitalysukhinin.homerecipes.HomeRecipesApplicationTests" time="7.496" tests="1" errors="0" skipped="0" failures="0">
  <properties>
[...]
</properties>
  <testcase name="contextLoads" classname="com.vitalysukhinin.homerecipes.HomeRecipesApplicationTests" time="0.526">
    <system-out><![CDATA[00:02:29.329 [main] INFO org.springframework.test.context.support.AnnotationConfigContextLoaderUtils -- Could not detect default configuration classes for test class [com.vitalysukhinin.homerecipes.HomeRecipesApplicationTests]: HomeRecipesApplicationTests does not declare any static, non-private, non-final, nested classes annotated with @Configuration.
00:02:29.416 [main] INFO org.springframework.boot.test.context.SpringBootTestContextBootstrapper -- Found @SpringBootConfiguration com.vitalysukhinin.homerecipes.HomeRecipesApplication for test class com.vitalysukhinin.homerecipes.HomeRecipesApplicationTests

  .   ____          _            __ _ _
 /\\ / ___'_ __ _ _(_)_ __  __ _ \ \ \ \
( ( )\___ | '_ | '_| | '_ \/ _` | \ \ \ \
 \\/  ___)| |_)| | | | | || (_| |  ) ) ) )
  '  |____| .__|_| |_|_| |_\__, | / / / /
 =========|_|==============|___/=/_/_/_/
 :: Spring Boot ::                (v3.2.5)

2024-06-06T00:02:29.733-04:00  INFO 35534 --- [Home recipes] [           main] c.v.h.HomeRecipesApplicationTests        : Starting HomeRecipesApplicationTests using Java 21.0.3 with PID 35534 (started by vitaly in /Users/vitaly/Desktop/Java projects/HomeRecipesBackEnd)
2024-06-06T00:02:29.734-04:00  INFO 35534 --- [Home recipes] [           main] c.v.h.HomeRecipesApplicationTests        : No active profile set, falling back to 1 default profile: "default"
2024-06-06T00:02:30.581-04:00  INFO 35534 --- [Home recipes] [           main] .s.d.r.c.RepositoryConfigurationDelegate : Bootstrapping Spring Data JPA repositories in DEFAULT mode.
2024-06-06T00:02:30.631-04:00  INFO 35534 --- [Home recipes] [           main] .s.d.r.c.RepositoryConfigurationDelegate : Finished Spring Data repository scanning in 43 ms. Found 4 JPA repository interfaces.
2024-06-06T00:02:31.154-04:00  INFO 35534 --- [Home recipes] [           main] o.hibernate.jpa.internal.util.LogHelper  : HHH000204: Processing PersistenceUnitInfo [name: default]
2024-06-06T00:02:31.193-04:00  INFO 35534 --- [Home recipes] [           main] org.hibernate.Version                    : HHH000412: Hibernate ORM core version 6.4.4.Final
2024-06-06T00:02:31.218-04:00  INFO 35534 --- [Home recipes] [           main] o.h.c.internal.RegionFactoryInitiator    : HHH000026: Second-level cache disabled
2024-06-06T00:02:31.438-04:00  INFO 35534 --- [Home recipes] [           main] o.s.o.j.p.SpringPersistenceUnitInfo      : No LoadTimeWeaver setup: ignoring JPA class transformer
2024-06-06T00:02:31.459-04:00  INFO 35534 --- [Home recipes] [           main] com.zaxxer.hikari.HikariDataSource       : HikariPool-1 - Starting...
2024-06-06T00:02:33.524-04:00  INFO 35534 --- [Home recipes] [           main] com.zaxxer.hikari.pool.HikariPool        : HikariPool-1 - Added connection com.mysql.cj.jdbc.ConnectionImpl@5d93ff21
2024-06-06T00:02:33.526-04:00  INFO 35534 --- [Home recipes] [           main] com.zaxxer.hikari.HikariDataSource       : HikariPool-1 - Start completed.
2024-06-06T00:02:34.339-04:00  INFO 35534 --- [Home recipes] [           main] o.h.e.t.j.p.i.JtaPlatformInitiator       : HHH000489: No JTA platform available (set 'hibernate.transaction.jta.platform' to enable JTA platform integration)
2024-06-06T00:02:34.732-04:00  INFO 35534 --- [Home recipes] [           main] j.LocalContainerEntityManagerFactoryBean : Initialized JPA EntityManagerFactory for persistence unit 'default'
2024-06-06T00:02:35.101-04:00  WARN 35534 --- [Home recipes] [           main] JpaBaseConfiguration$JpaWebConfiguration : spring.jpa.open-in-view is enabled by default. Therefore, database queries may be performed during view rendering. Explicitly configure spring.jpa.open-in-view to disable this warning
2024-06-06T00:02:35.127-04:00  INFO 35534 --- [Home recipes] [           main] o.s.s.p.JdbcUserDetailsManager           : No authentication manager set. Reauthentication of users when changing passwords will not be performed.
2024-06-06T00:02:35.518-04:00  INFO 35534 --- [Home recipes] [           main] o.s.b.a.e.web.EndpointLinksResolver      : Exposing 1 endpoint(s) beneath base path '/actuator'
2024-06-06T00:02:35.573-04:00  INFO 35534 --- [Home recipes] [           main] o.s.s.web.DefaultSecurityFilterChain     : Will secure any request with [org.springframework.security.web.session.DisableEncodeUrlFilter@109a462e, org.springframework.security.web.context.request.async.WebAsyncManagerIntegrationFilter@258e5601, org.springframework.security.web.context.SecurityContextHolderFilter@44ad3c5e, org.springframework.security.web.header.HeaderWriterFilter@1b914e36, org.springframework.web.filter.CorsFilter@58a06477, org.springframework.security.web.authentication.logout.LogoutFilter@70c3c5d7, org.springframework.security.web.authentication.www.BasicAuthenticationFilter@c52c362, org.springframework.security.web.savedrequest.RequestCacheAwareFilter@65a03c19, org.springframework.security.web.servletapi.SecurityContextHolderAwareRequestFilter@4b682e71, org.springframework.security.web.authentication.AnonymousAuthenticationFilter@1c4335c8, org.springframework.security.web.access.ExceptionTranslationFilter@4b38d912, org.springframework.security.web.access.intercept.AuthorizationFilter@36ce48bc]
2024-06-06T00:02:36.049-04:00  INFO 35534 --- [Home recipes] [           main] c.v.h.HomeRecipesApplicationTests        : Started HomeRecipesApplicationTests in 6.505 seconds (process running for 7.288)
]]></system-out>
    <system-err><![CDATA[WARNING: A Java agent has been loaded dynamically (/Users/vitaly/.m2/repository/net/bytebuddy/byte-buddy-agent/1.14.13/byte-buddy-agent-1.14.13.jar)
WARNING: If a serviceability tool is in use, please run with -XX:+EnableDynamicAgentLoading to hide this warning
WARNING: If a serviceability tool is not in use, please run with -Djdk.instrument.traceUsage for more information
WARNING: Dynamic loading of agents will be disallowed by default in a future release
]]></system-err>
  </testcase>
</testsuite>